<?xml version="1.0" encoding="utf-8"?><testsuites name="pytest tests"><testsuite name="pytest" errors="0" failures="0" skipped="0" tests="13" time="4.478" timestamp="2026-07-18T13:07:28.800138+00:00" hostname="agent-env-17c3ae08-ecde-4ff5-a93c-36697a148913"><testcase classname="tests.test_glimmerfall_backend" name="test_cards" time="0.338" /><testcase classname="tests.test_glimmerfall_backend" name="test_rules" time="0.078" /><testcase classname="tests.test_glimmerfall_backend" name="test_booster" time="0.076" /><testcase classname="tests.test_glimmerfall_backend" name="test_starter_decks" time="0.098" /><testcase classname="tests.test_glimmerfall_backend" name="test_matchmaking_created" time="0.171" /><testcase classname="tests.test_glimmerfall_backend" name="test_get_match_redacts" time="0.080" /><testcase classname="tests.test_glimmerfall_backend" name="test_draw_and_double_draw_rejected" time="0.322" /><testcase classname="tests.test_glimmerfall_backend" name="test_resonance_play_and_double_rejected" time="0.429" /><testcase classname="tests.test_glimmerfall_backend" name="test_end_turn_vs_ai_advances_by_2" time="0.242" /><testcase classname="tests.test_glimmerfall_backend" name="test_not_your_turn_rejected" time="0.364" /><testcase classname="tests.test_glimmerfall_backend" name="test_play_entity_deducts_energy" time="1.718" /><testcase classname="tests.test_glimmerfall_backend" name="test_win_condition_via_direct_hp_mutation" time="0.001" /><testcase classname="tests.test_glimmerfall_backend" name="test_radiant_shield_attachment" time="0.001" /></testsuite></testsuites>