<?xml version="1.0" encoding="utf-8"?><testsuites name="pytest tests"><testsuite name="pytest" errors="0" failures="0" skipped="0" tests="16" time="39.063" timestamp="2026-07-18T14:09:45.670459+00:00" hostname="agent-env-17c3ae08-ecde-4ff5-a93c-36697a148913"><testcase classname="tests.test_db_resilience" name="test_hammer_static_endpoints" time="8.605" /><testcase classname="tests.test_glimmerfall_backend" name="test_cards" time="0.475" /><testcase classname="tests.test_glimmerfall_backend" name="test_rules" time="0.097" /><testcase classname="tests.test_glimmerfall_backend" name="test_booster" time="0.239" /><testcase classname="tests.test_glimmerfall_backend" name="test_starter_decks" time="0.149" /><testcase classname="tests.test_glimmerfall_backend" name="test_matchmaking_created" time="0.319" /><testcase classname="tests.test_glimmerfall_backend" name="test_get_match_redacts" time="0.109" /><testcase classname="tests.test_glimmerfall_backend" name="test_draw_and_double_draw_rejected" time="0.842" /><testcase classname="tests.test_glimmerfall_backend" name="test_resonance_play_and_double_rejected" time="0.675" /><testcase classname="tests.test_glimmerfall_backend" name="test_end_turn_vs_ai_advances_by_2" time="0.856" /><testcase classname="tests.test_glimmerfall_backend" name="test_not_your_turn_rejected" time="0.992" /><testcase classname="tests.test_glimmerfall_backend" name="test_play_entity_deducts_energy" time="5.347" /><testcase classname="tests.test_db_resilience" name="test_arena_full_action_sequence_vs_ai" time="4.593" /><testcase classname="tests.test_glimmerfall_backend" name="test_win_condition_via_direct_hp_mutation" time="0.001" /><testcase classname="tests.test_glimmerfall_backend" name="test_radiant_shield_attachment" time="0.000" /><testcase classname="tests.test_db_resilience" name="test_idle_gap_recycles_dead_connection" time="25.323" /></testsuite></testsuites>